#!/bin/bash 

# -- Email Details

#SBATCH --mail-user=rohan.jain@durham.ac.uk
#SBATCH --mail-type=ALL


# -- Processing Specs -- 

# -N : number of nodes
# -n : number of cores (this is intotal not just per core)
# -c: number of mpi ranks per core (hardware threads?)
# -ntasks-per-socket = 64 cores per socket

# ---

# -n: number of mpiranks 
# -c: number of cores per mpirank
# -N: number of Nodes





#SBATCH -p multi
#SBATCH -N 3
#SBATCH -n 384 
#SBATCH -c 1
#SBATCH -t 00:30:00
#SBATCH --ntasks-per-socket=64
#SBATCH -sockets-per-node=2
#SBATCH --mem=0

export OMP_NUM_THREADS=1
# Filename
#module load gcc/native openblas openmpi
module load intel intelmpi


export benchmarkname=ft.E.x
file_name=E_class_Benchmark_ft_intel_512ranks_4nodes_FT_1socket
backup_file_name=backup_results/filename_$(date '+%Y-%m-%d_%H-%M-%S').out

# Running Command
mpirun --bind-to core  -np 384 ./${benchmarkname} > ${file_name}

cat ${file_name} nasintel.slm > ${backup_file_name}
# cp ${file_name} ${backup_file_name}



