kubectl logs pod/`kubectl get pods | grep hpl-mpi-launcher | awk '{print $1}'`
Warning: Permanently added 'hpl-mpi-worker-0.hpl-mpi-worker.default.svc,10.4.0.27' (ECDSA) to the list of known hosts.
================================================================================
HPLinpack 2.3  --  High-Performance Linpack benchmark  --   December 2, 2018
Written by A. Petitet and R. Clint Whaley,  Innovative Computing Laboratory, UTK
Modified by Piotr Luszczek, Innovative Computing Laboratory, UTK
Modified by Julien Langou, University of Colorado Denver
================================================================================

An explanation of the input/output parameters follows:
T/V    : Wall time / encoded variant.
N      : The order of the coefficient matrix A.
NB     : The partitioning blocking factor.
P      : The number of process rows.
Q      : The number of process columns.
Time   : Time in seconds to solve the linear system.
Gflops : Rate of execution for solving the linear system.

The following parameter values will be used:

N      :   80000 
NB     :     160      190      220      250 
PMAP   : Row-major process mapping
P      :       1        2 
Q      :      16        8 
PFACT  :   Right 
NBMIN  :       4 
NDIV   :       2 
RFACT  :   Crout 
BCAST  :  1ringM 
DEPTH  :       1 
SWAP   : Mix (threshold = 64)
L1     : transposed form
U      : transposed form
EQUIL  : yes
ALIGN  : 8 double precision words

--------------------------------------------------------------------------------

- The matrix A is randomly generated for each test.
- The following scaled residual check will be computed:
      ||Ax-b||_oo / ( eps * ( || x ||_oo * || A ||_oo + || b ||_oo ) * N )
- The relative machine precision (eps) is taken to be               1.110223e-16
- Computational tests pass if scaled residuals are less than                16.0

================================================================================
T/V                N    NB     P     Q               Time                 Gflops
--------------------------------------------------------------------------------
WR11C2R4       80000   160     1    16            1166.15             2.9271e+02
HPL_pdgesv() start time Mon Mar 27 17:19:07 2023

HPL_pdgesv() end time   Mon Mar 27 17:38:33 2023

--------------------------------------------------------------------------------
||Ax-b||_oo/(eps*(||A||_oo*||x||_oo+||b||_oo)*N)=   1.00251257e-03 ...... PASSED
================================================================================
T/V                N    NB     P     Q               Time                 Gflops
--------------------------------------------------------------------------------
WR11C2R4       80000   190     1    16            1211.50             2.8175e+02
HPL_pdgesv() start time Mon Mar 27 17:38:59 2023

HPL_pdgesv() end time   Mon Mar 27 17:59:11 2023

--------------------------------------------------------------------------------
||Ax-b||_oo/(eps*(||A||_oo*||x||_oo+||b||_oo)*N)=   1.10126640e-03 ...... PASSED
================================================================================
T/V                N    NB     P     Q               Time                 Gflops
--------------------------------------------------------------------------------
WR11C2R4       80000   220     1    16            1122.35             3.0413e+02
HPL_pdgesv() start time Mon Mar 27 17:59:37 2023

HPL_pdgesv() end time   Mon Mar 27 18:18:19 2023

--------------------------------------------------------------------------------
||Ax-b||_oo/(eps*(||A||_oo*||x||_oo+||b||_oo)*N)=   9.54460905e-04 ...... PASSED
================================================================================
T/V                N    NB     P     Q               Time                 Gflops
--------------------------------------------------------------------------------
WR11C2R4       80000   250     1    16             854.97             3.9925e+02
HPL_pdgesv() start time Mon Mar 27 18:18:45 2023

HPL_pdgesv() end time   Mon Mar 27 18:33:00 2023

--------------------------------------------------------------------------------
||Ax-b||_oo/(eps*(||A||_oo*||x||_oo+||b||_oo)*N)=   1.07103482e-03 ...... PASSED
================================================================================
T/V                N    NB     P     Q               Time                 Gflops
--------------------------------------------------------------------------------
WR11C2R4       80000   160     2     8            1715.75             1.9895e+02
HPL_pdgesv() start time Mon Mar 27 18:33:26 2023

HPL_pdgesv() end time   Mon Mar 27 19:02:01 2023

--------------------------------------------------------------------------------
||Ax-b||_oo/(eps*(||A||_oo*||x||_oo+||b||_oo)*N)=   1.35845601e-03 ...... PASSED
================================================================================
T/V                N    NB     P     Q               Time                 Gflops
--------------------------------------------------------------------------------
WR11C2R4       80000   190     2     8            1770.19             1.9283e+02
HPL_pdgesv() start time Mon Mar 27 19:02:27 2023

HPL_pdgesv() end time   Mon Mar 27 19:31:57 2023

--------------------------------------------------------------------------------
||Ax-b||_oo/(eps*(||A||_oo*||x||_oo+||b||_oo)*N)=   1.33830428e-03 ...... PASSED
