kubectl logs pod/`kubectl get pods | grep hpl-mpi-launcher | awk '{print $1}'`
Warning: Permanently added 'hpl-mpi-worker-1.hpl-mpi-worker.default.svc,10.4.2.6' (ECDSA) to the list of known hosts.
Warning: Permanently added 'hpl-mpi-worker-2.hpl-mpi-worker.default.svc,10.4.6.6' (ECDSA) to the list of known hosts.
Warning: Permanently added 'hpl-mpi-worker-5.hpl-mpi-worker.default.svc,10.4.4.2' (ECDSA) to the list of known hosts.
Warning: Permanently added 'hpl-mpi-worker-4.hpl-mpi-worker.default.svc,10.4.7.9' (ECDSA) to the list of known hosts.
Warning: Permanently added 'hpl-mpi-worker-7.hpl-mpi-worker.default.svc,10.4.1.10' (ECDSA) to the list of known hosts.
Warning: Permanently added 'hpl-mpi-worker-0.hpl-mpi-worker.default.svc,10.4.5.5' (ECDSA) to the list of known hosts.
Warning: Permanently added 'hpl-mpi-worker-3.hpl-mpi-worker.default.svc,10.4.3.5' (ECDSA) to the list of known hosts.
Warning: Permanently added 'hpl-mpi-worker-6.hpl-mpi-worker.default.svc,10.4.0.2' (ECDSA) to the list of known hosts.
================================================================================
HPLinpack 2.3  --  High-Performance Linpack benchmark  --   December 2, 2018
Written by A. Petitet and R. Clint Whaley,  Innovative Computing Laboratory, UTK
Modified by Piotr Luszczek, Innovative Computing Laboratory, UTK
Modified by Julien Langou, University of Colorado Denver
================================================================================

An explanation of the input/output parameters follows:
T/V    : Wall time / encoded variant.
N      : The order of the coefficient matrix A.
NB     : The partitioning blocking factor.
P      : The number of process rows.
Q      : The number of process columns.
Time   : Time in seconds to solve the linear system.
Gflops : Rate of execution for solving the linear system.

The following parameter values will be used:

N      :     100    50000 
NB     :     100      192      240 
PMAP   : Row-major process mapping
P      :       1        2        2 
Q      :      32       16        8 
PFACT  :   Right 
NBMIN  :       4 
NDIV   :       2 
RFACT  :   Crout 
BCAST  :  1ringM 
DEPTH  :       1 
SWAP   : Mix (threshold = 64)
L1     : transposed form
U      : transposed form
EQUIL  : yes
ALIGN  : 8 double precision words

--------------------------------------------------------------------------------

- The matrix A is randomly generated for each test.
- The following scaled residual check will be computed:
      ||Ax-b||_oo / ( eps * ( || x ||_oo * || A ||_oo + || b ||_oo ) * N )
- The relative machine precision (eps) is taken to be               1.110223e-16
- Computational tests pass if scaled residuals are less than                16.0

================================================================================
T/V                N    NB     P     Q               Time                 Gflops
--------------------------------------------------------------------------------
WR11C2R4         100   100     1    32               0.04             1.8127e-02
HPL_pdgesv() start time Fri Mar 17 18:11:22 2023

HPL_pdgesv() end time   Fri Mar 17 18:11:22 2023

--------------------------------------------------------------------------------
||Ax-b||_oo/(eps*(||A||_oo*||x||_oo+||b||_oo)*N)=   1.00263322e-02 ...... PASSED
================================================================================
T/V                N    NB     P     Q               Time                 Gflops
--------------------------------------------------------------------------------
WR11C2R4         100   192     1    32               0.02             3.3331e-02
HPL_pdgesv() start time Fri Mar 17 18:11:22 2023

HPL_pdgesv() end time   Fri Mar 17 18:11:22 2023

--------------------------------------------------------------------------------
||Ax-b||_oo/(eps*(||A||_oo*||x||_oo+||b||_oo)*N)=   9.77567393e-03 ...... PASSED
================================================================================
T/V                N    NB     P     Q               Time                 Gflops
--------------------------------------------------------------------------------
WR11C2R4         100   240     1    32               0.01             5.7083e-02
HPL_pdgesv() start time Fri Mar 17 18:11:22 2023

HPL_pdgesv() end time   Fri Mar 17 18:11:22 2023

--------------------------------------------------------------------------------
||Ax-b||_oo/(eps*(||A||_oo*||x||_oo+||b||_oo)*N)=   9.77567393e-03 ...... PASSED
================================================================================
T/V                N    NB     P     Q               Time                 Gflops
--------------------------------------------------------------------------------
WR11C2R4       50000   100     1    32             308.22             2.7038e+02
HPL_pdgesv() start time Fri Mar 17 18:11:26 2023

HPL_pdgesv() end time   Fri Mar 17 18:16:34 2023

--------------------------------------------------------------------------------
||Ax-b||_oo/(eps*(||A||_oo*||x||_oo+||b||_oo)*N)=   8.92938644e-04 ...... PASSED
================================================================================
T/V                N    NB     P     Q               Time                 Gflops
--------------------------------------------------------------------------------
WR11C2R4       50000   192     1    32             262.60             3.1735e+02
HPL_pdgesv() start time Fri Mar 17 18:16:45 2023

HPL_pdgesv() end time   Fri Mar 17 18:21:07 2023

--------------------------------------------------------------------------------
||Ax-b||_oo/(eps*(||A||_oo*||x||_oo+||b||_oo)*N)=   1.14965267e-03 ...... PASSED
================================================================================
T/V                N    NB     P     Q               Time                 Gflops
--------------------------------------------------------------------------------
WR11C2R4       50000   240     1    32             263.55             3.1621e+02
HPL_pdgesv() start time Fri Mar 17 18:21:15 2023

HPL_pdgesv() end time   Fri Mar 17 18:25:39 2023

--------------------------------------------------------------------------------
||Ax-b||_oo/(eps*(||A||_oo*||x||_oo+||b||_oo)*N)=   1.18363101e-03 ...... PASSED
================================================================================
T/V                N    NB     P     Q               Time                 Gflops
--------------------------------------------------------------------------------
WR11C2R4         100   100     2    16               0.02             2.8748e-02
HPL_pdgesv() start time Fri Mar 17 18:25:43 2023

HPL_pdgesv() end time   Fri Mar 17 18:25:43 2023

--------------------------------------------------------------------------------
||Ax-b||_oo/(eps*(||A||_oo*||x||_oo+||b||_oo)*N)=   1.09663009e-02 ...... PASSED
================================================================================
T/V                N    NB     P     Q               Time                 Gflops
--------------------------------------------------------------------------------
WR11C2R4         100   192     2    16               0.04             1.8802e-02
HPL_pdgesv() start time Fri Mar 17 18:25:43 2023

HPL_pdgesv() end time   Fri Mar 17 18:25:43 2023

--------------------------------------------------------------------------------
||Ax-b||_oo/(eps*(||A||_oo*||x||_oo+||b||_oo)*N)=   1.09663009e-02 ...... PASSED
================================================================================
T/V                N    NB     P     Q               Time                 Gflops
--------------------------------------------------------------------------------
WR11C2R4         100   240     2    16               0.06             1.2195e-02
HPL_pdgesv() start time Fri Mar 17 18:25:43 2023

HPL_pdgesv() end time   Fri Mar 17 18:25:43 2023

--------------------------------------------------------------------------------
||Ax-b||_oo/(eps*(||A||_oo*||x||_oo+||b||_oo)*N)=   1.09663009e-02 ...... PASSED
================================================================================
T/V                N    NB     P     Q               Time                 Gflops
--------------------------------------------------------------------------------
WR11C2R4       50000   100     2    16             453.50             1.8376e+02
HPL_pdgesv() start time Fri Mar 17 18:25:47 2023

HPL_pdgesv() end time   Fri Mar 17 18:33:20 2023

--------------------------------------------------------------------------------
||Ax-b||_oo/(eps*(||A||_oo*||x||_oo+||b||_oo)*N)=   9.80850319e-04 ...... PASSED
================================================================================
T/V                N    NB     P     Q               Time                 Gflops
--------------------------------------------------------------------------------
WR11C2R4       50000   192     2    16             410.77             2.0288e+02
HPL_pdgesv() start time Fri Mar 17 18:33:28 2023

HPL_pdgesv() end time   Fri Mar 17 18:40:19 2023

--------------------------------------------------------------------------------
||Ax-b||_oo/(eps*(||A||_oo*||x||_oo+||b||_oo)*N)=   1.11803208e-03 ...... PASSED
================================================================================
T/V                N    NB     P     Q               Time                 Gflops
--------------------------------------------------------------------------------
WR11C2R4       50000   240     2    16             433.43             1.9227e+02
HPL_pdgesv() start time Fri Mar 17 18:40:28 2023

HPL_pdgesv() end time   Fri Mar 17 18:47:42 2023

--------------------------------------------------------------------------------
||Ax-b||_oo/(eps*(||A||_oo*||x||_oo+||b||_oo)*N)=   1.14641451e-03 ...... PASSED
================================================================================
T/V                N    NB     P     Q               Time                 Gflops
--------------------------------------------------------------------------------
WR11C2R4         100   100     2     8               0.04             1.8593e-02
HPL_pdgesv() start time Fri Mar 17 18:47:47 2023

HPL_pdgesv() end time   Fri Mar 17 18:47:47 2023

--------------------------------------------------------------------------------
||Ax-b||_oo/(eps*(||A||_oo*||x||_oo+||b||_oo)*N)=   1.09663009e-02 ...... PASSED
================================================================================
T/V                N    NB     P     Q               Time                 Gflops
--------------------------------------------------------------------------------
WR11C2R4         100   192     2     8               0.06             1.1095e-02
HPL_pdgesv() start time Fri Mar 17 18:47:47 2023

HPL_pdgesv() end time   Fri Mar 17 18:47:47 2023

--------------------------------------------------------------------------------
||Ax-b||_oo/(eps*(||A||_oo*||x||_oo+||b||_oo)*N)=   1.09663009e-02 ...... PASSED
================================================================================
T/V                N    NB     P     Q               Time                 Gflops
--------------------------------------------------------------------------------
WR11C2R4         100   240     2     8               0.03             2.1427e-02
HPL_pdgesv() start time Fri Mar 17 18:47:47 2023

HPL_pdgesv() end time   Fri Mar 17 18:47:47 2023

--------------------------------------------------------------------------------
||Ax-b||_oo/(eps*(||A||_oo*||x||_oo+||b||_oo)*N)=   1.09663009e-02 ...... PASSED
================================================================================
T/V                N    NB     P     Q               Time                 Gflops
--------------------------------------------------------------------------------
WR11C2R4       50000   100     2     8             581.33             1.4335e+02
HPL_pdgesv() start time Fri Mar 17 18:47:54 2023

HPL_pdgesv() end time   Fri Mar 17 18:57:35 2023

--------------------------------------------------------------------------------
||Ax-b||_oo/(eps*(||A||_oo*||x||_oo+||b||_oo)*N)=   1.25740743e-03 ...... PASSED
================================================================================
T/V                N    NB     P     Q               Time                 Gflops
--------------------------------------------------------------------------------
WR11C2R4       50000   192     2     8             509.28             1.6364e+02
HPL_pdgesv() start time Fri Mar 17 18:57:50 2023

HPL_pdgesv() end time   Fri Mar 17 19:06:20 2023

--------------------------------------------------------------------------------
||Ax-b||_oo/(eps*(||A||_oo*||x||_oo+||b||_oo)*N)=   1.20502976e-03 ...... PASSED
================================================================================
T/V                N    NB     P     Q               Time                 Gflops
--------------------------------------------------------------------------------
WR11C2R4       50000   240     2     8             519.56             1.6040e+02
HPL_pdgesv() start time Fri Mar 17 19:06:34 2023

HPL_pdgesv() end time   Fri Mar 17 19:15:14 2023

--------------------------------------------------------------------------------
||Ax-b||_oo/(eps*(||A||_oo*||x||_oo+||b||_oo)*N)=   1.34549445e-03 ...... PASSED
================================================================================

Finished     18 tests with the following results:
             18 tests completed and passed residual checks,
              0 tests completed and failed residual checks,
              0 tests skipped because of illegal input values.
--------------------------------------------------------------------------------

End of Tests.
================================================================================
