kubectl logs pod/`kubectl get pods | grep hpl-mpi-launcher | awk '{print $1}'`
Warning: Permanently added 'hpl-mpi-worker-0.hpl-mpi-worker.default.svc,10.4.0.33' (ECDSA) to the list of known hosts.
================================================================================
HPLinpack 2.3  --  High-Performance Linpack benchmark  --   December 2, 2018
Written by A. Petitet and R. Clint Whaley,  Innovative Computing Laboratory, UTK
Modified by Piotr Luszczek, Innovative Computing Laboratory, UTK
Modified by Julien Langou, University of Colorado Denver
================================================================================

An explanation of the input/output parameters follows:
T/V    : Wall time / encoded variant.
N      : The order of the coefficient matrix A.
NB     : The partitioning blocking factor.
P      : The number of process rows.
Q      : The number of process columns.
Time   : Time in seconds to solve the linear system.
Gflops : Rate of execution for solving the linear system.

The following parameter values will be used:

N      :   40000 
NB     :     160      190      220      250 
PMAP   : Row-major process mapping
P      :       1        2 
Q      :      28       14 
PFACT  :   Right 
NBMIN  :       4 
NDIV   :       2 
RFACT  :   Crout 
BCAST  :  1ringM 
DEPTH  :       1 
SWAP   : Mix (threshold = 64)
L1     : transposed form
U      : transposed form
EQUIL  : yes
ALIGN  : 8 double precision words

--------------------------------------------------------------------------------

- The matrix A is randomly generated for each test.
- The following scaled residual check will be computed:
      ||Ax-b||_oo / ( eps * ( || x ||_oo * || A ||_oo + || b ||_oo ) * N )
- The relative machine precision (eps) is taken to be               1.110223e-16
- Computational tests pass if scaled residuals are less than                16.0

================================================================================
T/V                N    NB     P     Q               Time                 Gflops
--------------------------------------------------------------------------------
WR11C2R4       40000   160     1    28             286.70             1.4883e+02
HPL_pdgesv() start time Thu Mar 23 02:50:25 2023

HPL_pdgesv() end time   Thu Mar 23 02:55:12 2023

--------------------------------------------------------------------------------
||Ax-b||_oo/(eps*(||A||_oo*||x||_oo+||b||_oo)*N)=   1.24735498e-03 ...... PASSED
================================================================================
T/V                N    NB     P     Q               Time                 Gflops
--------------------------------------------------------------------------------
WR11C2R4       40000   190     1    28             273.25             1.5615e+02
HPL_pdgesv() start time Thu Mar 23 02:55:16 2023

HPL_pdgesv() end time   Thu Mar 23 02:59:49 2023

--------------------------------------------------------------------------------
||Ax-b||_oo/(eps*(||A||_oo*||x||_oo+||b||_oo)*N)=   1.31196959e-03 ...... PASSED
================================================================================
T/V                N    NB     P     Q               Time                 Gflops
--------------------------------------------------------------------------------
WR11C2R4       40000   220     1    28             238.00             1.7928e+02
HPL_pdgesv() start time Thu Mar 23 02:59:53 2023

HPL_pdgesv() end time   Thu Mar 23 03:03:51 2023

--------------------------------------------------------------------------------
||Ax-b||_oo/(eps*(||A||_oo*||x||_oo+||b||_oo)*N)=   1.53574292e-03 ...... PASSED
================================================================================
T/V                N    NB     P     Q               Time                 Gflops
--------------------------------------------------------------------------------
WR11C2R4       40000   250     1    28             205.84             2.0729e+02
HPL_pdgesv() start time Thu Mar 23 03:03:55 2023

HPL_pdgesv() end time   Thu Mar 23 03:07:21 2023

--------------------------------------------------------------------------------
||Ax-b||_oo/(eps*(||A||_oo*||x||_oo+||b||_oo)*N)=   1.35626937e-03 ...... PASSED
