kubectl logs pod/`kubectl get pods | grep hpl-mpi-launcher | awk '{print $1}'`
Warning: Permanently added 'hpl-mpi-worker-1.hpl-mpi-worker.default.svc,10.4.0.43' (ECDSA) to the list of known hosts.
Warning: Permanently added 'hpl-mpi-worker-0.hpl-mpi-worker.default.svc,10.4.1.5' (ECDSA) to the list of known hosts.
================================================================================
HPLinpack 2.3  --  High-Performance Linpack benchmark  --   December 2, 2018
Written by A. Petitet and R. Clint Whaley,  Innovative Computing Laboratory, UTK
Modified by Piotr Luszczek, Innovative Computing Laboratory, UTK
Modified by Julien Langou, University of Colorado Denver
================================================================================

An explanation of the input/output parameters follows:
T/V    : Wall time / encoded variant.
N      : The order of the coefficient matrix A.
NB     : The partitioning blocking factor.
P      : The number of process rows.
Q      : The number of process columns.
Time   : Time in seconds to solve the linear system.
Gflops : Rate of execution for solving the linear system.

The following parameter values will be used:

N      :   50000 
NB     :     192 
PMAP   : Row-major process mapping
P      :       1        2 
Q      :       8        4 
PFACT  :   Right 
NBMIN  :       4 
NDIV   :       2 
RFACT  :   Crout 
BCAST  :  1ringM 
DEPTH  :       1 
SWAP   : Mix (threshold = 64)
L1     : transposed form
U      : transposed form
EQUIL  : yes
ALIGN  : 8 double precision words

--------------------------------------------------------------------------------

- The matrix A is randomly generated for each test.
- The following scaled residual check will be computed:
      ||Ax-b||_oo / ( eps * ( || x ||_oo * || A ||_oo + || b ||_oo ) * N )
- The relative machine precision (eps) is taken to be               1.110223e-16
- Computational tests pass if scaled residuals are less than                16.0

================================================================================
T/V                N    NB     P     Q               Time                 Gflops
--------------------------------------------------------------------------------
WR11C2R4       50000   192     1     8             590.40             1.4115e+02
HPL_pdgesv() start time Fri Mar 17 02:39:02 2023

HPL_pdgesv() end time   Fri Mar 17 02:48:53 2023

--------------------------------------------------------------------------------
||Ax-b||_oo/(eps*(||A||_oo*||x||_oo+||b||_oo)*N)=   1.32746817e-03 ...... PASSED
================================================================================
T/V                N    NB     P     Q               Time                 Gflops
--------------------------------------------------------------------------------
WR11C2R4       50000   192     2     4             724.27             1.1506e+02
HPL_pdgesv() start time Fri Mar 17 02:49:22 2023

HPL_pdgesv() end time   Fri Mar 17 03:01:26 2023

--------------------------------------------------------------------------------
||Ax-b||_oo/(eps*(||A||_oo*||x||_oo+||b||_oo)*N)=   1.73249235e-03 ...... PASSED
================================================================================

Finished      2 tests with the following results:
              2 tests completed and passed residual checks,
              0 tests completed and failed residual checks,
              0 tests skipped because of illegal input values.
--------------------------------------------------------------------------------

End of Tests.
================================================================================
