#!/bin/bash 

# -- Email Details

#SBATCH --mail-user=rohan.jain@durham.ac.uk
#SBATCH --mail-type=ALL


# -- Processing Specs -- 

# -N : number of nodes
# -n : number of cores (this is intotal not just per core)
# -c: number of mpi ranks per core (hardware threads?)
# -ntasks-per-socket = 64 cores per socket

# ---

# -n: number of mpiranks 
# -c: number of cores per mpirank
# -N: number of Nodes





#SBATCH -p multi
#SBATCH -N 1
#SBATCH -n 64
#SBATCH -c 2
#SBATCH -t 00:15:00
#SBATCH --ntasks-per-socket=32
#SBATCH --mem=0

export OMP_NUM_THREADS=2
# Filename
module load gcc/native openblas openmpi
export benchmarkname=ft.D.x
file_name=D_class_Benchmark_ft_64ranks_2threads
backup_file_name=backup_results/filename_$(date '+%Y-%m-%d_%H-%M-%S').out

# Running Command
mpirun --bind-to core --map-by numa -np 64 ./${benchmarkname} > ${file_name}

cat ${file_name} nasopenmpgcc.slm > ${backup_file_name}
# cp ${file_name} ${backup_file_name}

