This file contains any messages produced by compilers while
running configure, to aid debugging if configure makes a mistake.

It was created by hpl configure 2.3, which was
generated by GNU Autoconf 2.69.  Invocation command line was

  $ ../configure intelOnly

## --------- ##
## Platform. ##
## --------- ##

hostname = login2.ham8.dur.ac.uk
uname -m = x86_64
uname -r = 4.18.0-372.26.1.el8_6.x86_64
uname -s = Linux
uname -v = #1 SMP Tue Sep 13 18:09:48 UTC 2022

/usr/bin/uname -p = x86_64
/bin/uname -X     = unknown

/bin/arch              = x86_64
/usr/bin/arch -k       = unknown
/usr/convex/getsysinfo = unknown
/usr/bin/hostinfo      = unknown
/bin/machine           = unknown
/usr/bin/oslevel       = unknown
/bin/universe          = unknown

PATH: /apps/mpi/bin
PATH: /apps/developers/libraries/intelmpi/2021.6/1/intel-2021.4/bin.wrapper
PATH: /apps/developers/libraries/intelmpi/2021.6/1/intel-2021.4/mpi/latest/libfabric/bin
PATH: /apps/developers/libraries/intelmpi/2021.6/1/intel-2021.4/mpi/latest/bin
PATH: /apps/developers/compilers/intel/2021.4/1/default/compiler/latest/linux/lib/oclfpga/llvm/aocl-bin
PATH: /apps/developers/compilers/intel/2021.4/1/default/compiler/latest/linux/lib/oclfpga/bin
PATH: /apps/developers/compilers/intel/2021.4/1/default/compiler/latest/linux/bin/intel64
PATH: /apps/developers/compilers/intel/2021.4/1/default/compiler/latest/linux/bin
PATH: /home/xdrs67/.local/bin
PATH: /home/xdrs67/bin
PATH: /apps/bin
PATH: /apps/infrastructure/slurm/default/default/default/bin
PATH: /usr/local/bin
PATH: /usr/bin
PATH: /usr/local/sbin
PATH: /usr/sbin
PATH: /opt/puppetlabs/bin


## ----------- ##
## Core tests. ##
## ----------- ##

configure:2196: checking for intelOnly-mpicc
configure:2223: result: icc
configure:2301: checking for intelOnly-gcc
configure:2328: result: icc
configure:2597: checking for C compiler version
configure:2606: icc --version >&5
icc (ICC) 2021.4.0 20210910
Copyright (C) 1985-2021 Intel Corporation.  All rights reserved.

configure:2617: $? = 0
configure:2606: icc -v >&5
icc version 2021.4.0 (gcc version 8.5.0 compatibility)
configure:2617: $? = 0
configure:2606: icc -V >&5
Intel(R) C Intel(R) 64 Compiler Classic for applications running on Intel(R) 64, Version 2021.4.0 Build 20210910_000000
Copyright (C) 1985-2021 Intel Corporation.  All rights reserved.

configure:2617: $? = 0
configure:2606: icc -qversion >&5
icc: command line warning #10006: ignoring unknown option '-qversion'
icc: command line error: no files specified; for help type "icc -help"
configure:2617: $? = 1
configure:2637: checking whether the C compiler works
configure:2659: icc    conftest.c  >&5
configure:2663: $? = 0
configure:2711: result: yes
configure:2714: checking for C compiler default output file name
configure:2716: result: a.out
configure:2722: checking for suffix of executables
configure:2729: icc -o conftest    conftest.c  >&5
configure:2733: $? = 0
configure:2755: result: 
configure:2777: checking whether we are cross compiling
configure:2785: icc -o conftest    conftest.c  >&5
configure:2789: $? = 0
configure:2796: ./conftest
configure:2800: $? = 0
configure:2815: result: no
configure:2820: checking for suffix of object files
configure:2842: icc -c   conftest.c >&5
configure:2846: $? = 0
configure:2867: result: o
configure:2871: checking whether we are using the GNU C compiler
configure:2890: icc -c   conftest.c >&5
configure:2890: $? = 0
configure:2899: result: yes
configure:2908: checking whether icc accepts -g
configure:2928: icc -c -g  conftest.c >&5
configure:2928: $? = 0
configure:2969: result: yes
configure:2986: checking for icc option to accept ISO C89
configure:3049: icc  -c -g -O2  conftest.c >&5
configure:3049: $? = 0
configure:3062: result: none needed
configure:3087: checking whether icc understands -c and -o together
configure:3109: icc -c conftest.c -o conftest2.o
configure:3112: $? = 0
configure:3109: icc -c conftest.c -o conftest2.o
configure:3112: $? = 0
configure:3124: result: yes
configure:3168: checking for function MPI_Init
configure:3193: icc -o conftest -g -O2   conftest.c  >&5
/tmp/iccs4iuV0.o: In function `main':
/home/xdrs67/Project/HPL/hpl-2.3/intel_version/conftest.c:20: undefined reference to `MPI_Init'
configure:3193: $? = 1
configure: failed program was:
| /* confdefs.h */
| #define PACKAGE_NAME "hpl"
| #define PACKAGE_TARNAME "hpl"
| #define PACKAGE_VERSION "2.3"
| #define PACKAGE_STRING "hpl 2.3"
| #define PACKAGE_BUGREPORT "hpl@icl.utk.edu"
| #define PACKAGE_URL ""
| /* end confdefs.h.  */
| 
| /* Override any GCC internal prototype to avoid an error.
|    Use char because int might match the return type of a GCC
|    builtin and then its argument prototype would still apply.  */
| #ifdef __cplusplus
| extern "C"
| #endif
| char MPI_Init ();
| int
| main ()
| {
| return MPI_Init ();
|   ;
|   return 0;
| }
configure:3200: result: no
configure:3171: checking for function MPI_Init in -lmpi
configure:3193: icc -o conftest -g -O2   conftest.c -lmpi  >&5
configure:3193: $? = 0
configure:3200: result: yes
configure:3211: checking for mpi.h
configure:3224: icc -c -g -O2  conftest.c >&5
configure:3224: $? = 0
configure:3225: result: yes
configure:3265: checking for intelOnly-ranlib
configure:3295: result: no
configure:3305: checking for ranlib
configure:3321: found /usr/bin/ranlib
configure:3332: result: ranlib
configure:3369: checking for a BSD-compatible install
configure:3437: result: /usr/bin/install -c
configure:3451: checking whether build environment is sane
configure:3506: result: yes
configure:3654: checking for a thread-safe mkdir -p
configure:3693: result: /usr/bin/mkdir -p
configure:3700: checking for gawk
configure:3716: found /usr/bin/gawk
configure:3727: result: gawk
configure:3738: checking whether make sets $(MAKE)
configure:3760: result: yes
configure:3782: checking whether make supports the include directive
configure:3797: make -f confmf.GNU && cat confinc.out
this is the am__doit target
configure:3800: $? = 0
configure:3819: result: yes (GNU style)
configure:3852: checking whether make supports nested variables
configure:3869: result: yes
configure:3954: checking dependency style of icc
configure:4065: result: gcc3
configure:4184: checking for dgemm_ in OpenBLAS
configure:4206: icc -o conftest -g -O2   conftest.c -lopenblas -lm >&5
configure:4206: $? = 0
configure:4213: result: yes
configure:4282: checking for dgemm_
configure:4282: icc -o conftest -g -O2   conftest.c -lopenblas -lm -lmpi  >&5
configure:4282: $? = 0
configure:4282: result: yes
configure:4297: checking how to run the C preprocessor
configure:4328: icc -E  conftest.c
configure:4328: $? = 0
configure:4342: icc -E  conftest.c
conftest.c(13): error #2379: cannot open source file "ac_nonexistent.h"
  #include <ac_nonexistent.h>
                             ^

configure:4342: $? = 2
configure: failed program was:
| /* confdefs.h */
| #define PACKAGE_NAME "hpl"
| #define PACKAGE_TARNAME "hpl"
| #define PACKAGE_VERSION "2.3"
| #define PACKAGE_STRING "hpl 2.3"
| #define PACKAGE_BUGREPORT "hpl@icl.utk.edu"
| #define PACKAGE_URL ""
| #define HAVE_MPI 1
| #define PACKAGE "hpl"
| #define VERSION "2.3"
| #define HAVE_DGEMM_ 1
| /* end confdefs.h.  */
| #include <ac_nonexistent.h>
configure:4367: result: icc -E
configure:4387: icc -E  conftest.c
configure:4387: $? = 0
configure:4401: icc -E  conftest.c
conftest.c(13): error #2379: cannot open source file "ac_nonexistent.h"
  #include <ac_nonexistent.h>
                             ^

configure:4401: $? = 2
configure: failed program was:
| /* confdefs.h */
| #define PACKAGE_NAME "hpl"
| #define PACKAGE_TARNAME "hpl"
| #define PACKAGE_VERSION "2.3"
| #define PACKAGE_STRING "hpl 2.3"
| #define PACKAGE_BUGREPORT "hpl@icl.utk.edu"
| #define PACKAGE_URL ""
| #define HAVE_MPI 1
| #define PACKAGE "hpl"
| #define VERSION "2.3"
| #define HAVE_DGEMM_ 1
| /* end confdefs.h.  */
| #include <ac_nonexistent.h>
configure:4430: checking for grep that handles long lines and -e
configure:4488: result: /usr/bin/grep
configure:4493: checking for egrep
configure:4555: result: /usr/bin/grep -E
configure:4560: checking for ANSI C header files
configure:4580: icc -c -g -O2  conftest.c >&5
configure:4580: $? = 0
configure:4653: icc -o conftest -g -O2   conftest.c -lopenblas -lm -lmpi  >&5
configure:4653: $? = 0
configure:4653: ./conftest
configure:4653: $? = 0
configure:4664: result: yes
configure:4677: checking for sys/types.h
configure:4677: icc -c -g -O2  conftest.c >&5
configure:4677: $? = 0
configure:4677: result: yes
configure:4677: checking for sys/stat.h
configure:4677: icc -c -g -O2  conftest.c >&5
configure:4677: $? = 0
configure:4677: result: yes
configure:4677: checking for stdlib.h
configure:4677: icc -c -g -O2  conftest.c >&5
configure:4677: $? = 0
configure:4677: result: yes
configure:4677: checking for string.h
configure:4677: icc -c -g -O2  conftest.c >&5
configure:4677: $? = 0
configure:4677: result: yes
configure:4677: checking for memory.h
configure:4677: icc -c -g -O2  conftest.c >&5
configure:4677: $? = 0
configure:4677: result: yes
configure:4677: checking for strings.h
configure:4677: icc -c -g -O2  conftest.c >&5
configure:4677: $? = 0
configure:4677: result: yes
configure:4677: checking for inttypes.h
configure:4677: icc -c -g -O2  conftest.c >&5
configure:4677: $? = 0
configure:4677: result: yes
configure:4677: checking for stdint.h
configure:4677: icc -c -g -O2  conftest.c >&5
configure:4677: $? = 0
configure:4677: result: yes
configure:4677: checking for unistd.h
configure:4677: icc -c -g -O2  conftest.c >&5
configure:4677: $? = 0
configure:4677: result: yes
configure:4691: checking mpi.h usability
configure:4691: icc -c -g -O2  conftest.c >&5
configure:4691: $? = 0
configure:4691: result: yes
configure:4691: checking mpi.h presence
configure:4691: icc -E  conftest.c
configure:4691: $? = 0
configure:4691: result: yes
configure:4691: checking for mpi.h
configure:4691: result: yes
configure:4814: checking that generated files are newer than configure
configure:4820: result: done
configure:4843: creating ./config.status

## ---------------------- ##
## Running config.status. ##
## ---------------------- ##

This file was extended by hpl config.status 2.3, which was
generated by GNU Autoconf 2.69.  Invocation command line was

  CONFIG_FILES    = 
  CONFIG_HEADERS  = 
  CONFIG_LINKS    = 
  CONFIG_COMMANDS = 
  $ ./config.status 

on login2.ham8.dur.ac.uk

config.status:860: creating Makefile
config.status:860: creating src/Makefile
config.status:860: creating testing/Makefile
config.status:860: creating include/hplconfig.h
config.status:1074: executing depfiles commands
config.status:1151: cd src       && sed -e '/# am--include-marker/d' Makefile         | make -f - am--depfiles
config.status:1156: $? = 0
config.status:1151: cd testing       && sed -e '/# am--include-marker/d' Makefile         | make -f - am--depfiles
config.status:1156: $? = 0

## ---------------- ##
## Cache variables. ##
## ---------------- ##

ac_cv_c_compiler_gnu=yes
ac_cv_env_CC_set=set
ac_cv_env_CC_value=icc
ac_cv_env_CFLAGS_set=
ac_cv_env_CFLAGS_value=
ac_cv_env_CPPFLAGS_set=
ac_cv_env_CPPFLAGS_value=
ac_cv_env_CPP_set=
ac_cv_env_CPP_value=
ac_cv_env_LDFLAGS_set=
ac_cv_env_LDFLAGS_value=
ac_cv_env_LIBS_set=
ac_cv_env_LIBS_value=
ac_cv_env_MPICC_set=
ac_cv_env_MPICC_value=
ac_cv_env_build_alias_set=set
ac_cv_env_build_alias_value=intelOnly
ac_cv_env_host_alias_set=set
ac_cv_env_host_alias_value=intelOnly
ac_cv_env_target_alias_set=set
ac_cv_env_target_alias_value=intelOnly
ac_cv_func_dgemm_=yes
ac_cv_header_inttypes_h=yes
ac_cv_header_memory_h=yes
ac_cv_header_mpi_h=yes
ac_cv_header_stdc=yes
ac_cv_header_stdint_h=yes
ac_cv_header_stdlib_h=yes
ac_cv_header_string_h=yes
ac_cv_header_strings_h=yes
ac_cv_header_sys_stat_h=yes
ac_cv_header_sys_types_h=yes
ac_cv_header_unistd_h=yes
ac_cv_objext=o
ac_cv_path_EGREP='/usr/bin/grep -E'
ac_cv_path_GREP=/usr/bin/grep
ac_cv_path_install='/usr/bin/install -c'
ac_cv_path_mkdir=/usr/bin/mkdir
ac_cv_prog_AWK=gawk
ac_cv_prog_CC=icc
ac_cv_prog_CPP='icc -E'
ac_cv_prog_ac_ct_RANLIB=ranlib
ac_cv_prog_cc_c89=
ac_cv_prog_cc_g=yes
ac_cv_prog_make_make_set=yes
am_cv_CC_dependencies_compiler_type=gcc3
am_cv_make_support_nested_variables=yes
am_cv_prog_cc_c_o=yes

## ----------------- ##
## Output variables. ##
## ----------------- ##

ACLOCAL='${SHELL} /home/xdrs67/Project/HPL/hpl-2.3/missing aclocal-1.16'
AMDEPBACKSLASH='\'
AMDEP_FALSE='#'
AMDEP_TRUE=''
AMTAR='$${TAR-tar}'
AM_BACKSLASH='\'
AM_DEFAULT_V='$(AM_DEFAULT_VERBOSITY)'
AM_DEFAULT_VERBOSITY='1'
AM_V='$(V)'
AUTOCONF='${SHELL} /home/xdrs67/Project/HPL/hpl-2.3/missing autoconf'
AUTOHEADER='${SHELL} /home/xdrs67/Project/HPL/hpl-2.3/missing autoheader'
AUTOMAKE='${SHELL} /home/xdrs67/Project/HPL/hpl-2.3/missing automake-1.16'
AWK='gawk'
BLAS_LIBS='-lopenblas -lm'
CC='icc'
CCDEPMODE='depmode=gcc3'
CFLAGS='-g -O2'
CPP='icc -E'
CPPFLAGS=''
CYGPATH_W='echo'
DEFS='-DHAVE_CONFIG_H'
DEPDIR='.deps'
ECHO_C=''
ECHO_N='-n'
ECHO_T=''
EGREP='/usr/bin/grep -E'
EXEEXT=''
GREP='/usr/bin/grep'
INSTALL_DATA='${INSTALL} -m 644'
INSTALL_PROGRAM='${INSTALL}'
INSTALL_SCRIPT='${INSTALL}'
INSTALL_STRIP_PROGRAM='$(install_sh) -c -s'
LDFLAGS=''
LIBOBJS=''
LIBS='-lopenblas -lm -lmpi '
LTLIBOBJS=''
MAKEINFO='${SHELL} /home/xdrs67/Project/HPL/hpl-2.3/missing makeinfo'
MKDIR_P='/usr/bin/mkdir -p'
MPICC=''
OBJEXT='o'
PACKAGE='hpl'
PACKAGE_BUGREPORT='hpl@icl.utk.edu'
PACKAGE_NAME='hpl'
PACKAGE_STRING='hpl 2.3'
PACKAGE_TARNAME='hpl'
PACKAGE_URL=''
PACKAGE_VERSION='2.3'
PATH_SEPARATOR=':'
RANLIB='ranlib'
SET_MAKE=''
SHELL='/bin/sh'
STRIP=''
VERSION='2.3'
ac_ct_CC=''
am__EXEEXT_FALSE=''
am__EXEEXT_TRUE='#'
am__fastdepCC_FALSE='#'
am__fastdepCC_TRUE=''
am__include='include'
am__isrc=' -I$(srcdir)'
am__leading_dot='.'
am__nodep='_no'
am__quote=''
am__tar='$${TAR-tar} chof - "$$tardir"'
am__untar='$${TAR-tar} xf -'
bindir='${exec_prefix}/bin'
build_alias='intelOnly'
datadir='${datarootdir}'
datarootdir='${prefix}/share'
docdir='${datarootdir}/doc/${PACKAGE_TARNAME}'
dvidir='${docdir}'
exec_prefix='${prefix}'
host_alias='intelOnly'
htmldir='${docdir}'
includedir='${prefix}/include'
infodir='${datarootdir}/info'
install_sh='${SHELL} /home/xdrs67/Project/HPL/hpl-2.3/install-sh'
libdir='${exec_prefix}/lib'
libexecdir='${exec_prefix}/libexec'
localedir='${datarootdir}/locale'
localstatedir='${prefix}/var'
mandir='${datarootdir}/man'
mkdir_p='$(MKDIR_P)'
oldincludedir='/usr/include'
pdfdir='${docdir}'
prefix='/usr/local'
program_transform_name='s,x,x,'
psdir='${docdir}'
sbindir='${exec_prefix}/sbin'
sharedstatedir='${prefix}/com'
sysconfdir='${prefix}/etc'
target_alias='intelOnly'

## ----------- ##
## confdefs.h. ##
## ----------- ##

/* confdefs.h */
#define PACKAGE_NAME "hpl"
#define PACKAGE_TARNAME "hpl"
#define PACKAGE_VERSION "2.3"
#define PACKAGE_STRING "hpl 2.3"
#define PACKAGE_BUGREPORT "hpl@icl.utk.edu"
#define PACKAGE_URL ""
#define HAVE_MPI 1
#define PACKAGE "hpl"
#define VERSION "2.3"
#define HAVE_DGEMM_ 1
#define STDC_HEADERS 1
#define HAVE_SYS_TYPES_H 1
#define HAVE_SYS_STAT_H 1
#define HAVE_STDLIB_H 1
#define HAVE_STRING_H 1
#define HAVE_MEMORY_H 1
#define HAVE_STRINGS_H 1
#define HAVE_INTTYPES_H 1
#define HAVE_STDINT_H 1
#define HAVE_UNISTD_H 1
#define HAVE_MPI_H 1

configure: exit 0
